#
# A fatal error has been detected by the Java Runtime Environment:
#
#  EXCEPTION_ACCESS_VIOLATION (0xc0000005) at pc=0x0000000062d89535, pid=7260, tid=7328
#
# JRE version: Java(TM) SE Runtime Environment (8.0_20-b26) (build 1.8.0_20-b26)
# Java VM: Java HotSpot(TM) 64-Bit Server VM (25.20-b23 mixed mode windows-amd64 compressed oops)
# Problematic frame:
# V  [jvm.dll+0x119535]
#
# Failed to write core dump. Minidumps are not enabled by default on client versions of Windows
#
# If you would like to submit a bug report, please visit:
#   http://bugreport.sun.com/bugreport/crash.jsp
#

---------------  T H R E A D  ---------------

Current thread (0x000000001c14d000):  JavaThread "JDWP Transport Listener: dt_socket" daemon [_thread_in_vm, id=7328, stack(0x000000001e310000,0x000000001e410000)]

siginfo: ExceptionCode=0xc0000005, reading address 0xffffffffffffffff

Registers:
RAX=0x000000001e40f101, RBX=0x000000001c14d000, RCX=0x6f6974634179726f, RDX=0x0000000000000000
RSP=0x000000001e40f0d0, RBP=0x6f6974634179726f, RSI=0x000000001e40f1e8, RDI=0x0000000002258a20
R8 =0x000000001c14d000, R9 =0x0000000000000700, R10=0x6e65436c6c61632f, R11=0x0000009700430021
R12=0x0000000000000000, R13=0x000000001d955c68, R14=0x0000000000000000, R15=0x0000000000000000
RIP=0x0000000062d89535, EFLAGS=0x0000000000010206

Top of Stack: (sp=0x000000001e40f0d0)
0x000000001e40f0d0:   000000001c14d000 000000001c14d000
0x000000001e40f0e0:   000000001e40f198 0000000062f8655b
0x000000001e40f0f0:   000000001c14d000 0000000062fa2dbd
0x000000001e40f100:   0000000000000040 00000000773e9149
0x000000001e40f110:   000000001da0a160 00000000773f2912
0x000000001e40f120:   000000001c14d000 0000000000000000
0x000000001e40f130:   0000000000000000 0000000000000000
0x000000001e40f140:   6f6974634179726f 00000000773f1a09
0x000000001e40f150:   000000001e40f1e8 000000001e40f1c0
0x000000001e40f160:   0000000000000001 000000001da0a160
0x000000001e40f170:   6f6974634179726f 00000000773d53b3
0x000000001e40f180:   000000001e40f2b0 0000000000000001
0x000000001e40f190:   0000000000000001 000000001da0a160
0x000000001e40f1a0:   0000000000000001 0000000000000000
0x000000001e40f1b0:   0000000000000000 0000000000000000
0x000000001e40f1c0:   0000000000000001 00000000773d5571 

Instructions: (pc=0x0000000062d89535)
0x0000000062d89515:   cc cc cc cc cc cc cc cc cc cc cc 48 83 ec 28 48
0x0000000062d89525:   85 c9 75 07 33 c0 48 83 c4 28 c3 48 89 5c 24 20
0x0000000062d89535:   48 8b 19 48 85 db 74 20 48 83 fb 37 74 1a 48 8b
0x0000000062d89545:   13 48 8b cb ff 52 10 84 c0 74 0d 48 8b c3 48 8b 


Register to memory mapping:

RAX=0x000000001e40f101 is pointing into the stack for thread: 0x000000001c14d000
RBX=0x000000001c14d000 is a thread
RCX=0x6f6974634179726f is an unknown value
RDX=0x0000000000000000 is an unknown value
RSP=0x000000001e40f0d0 is pointing into the stack for thread: 0x000000001c14d000
RBP=0x6f6974634179726f is an unknown value
RSI=0x000000001e40f1e8 is pointing into the stack for thread: 0x000000001c14d000
RDI=0x0000000002258a20 is an unknown value
R8 =0x000000001c14d000 is a thread
R9 =0x0000000000000700 is an unknown value
R10=0x6e65436c6c61632f is an unknown value
R11=0x0000009700430021 is an unknown value
R12=0x0000000000000000 is an unknown value
R13=0x000000001d955c68 is an unknown value
R14=0x0000000000000000 is an unknown value
R15=0x0000000000000000 is an unknown value


Stack: [0x000000001e310000,0x000000001e410000],  sp=0x000000001e40f0d0,  free space=1020k
Native frames: (J=compiled Java code, j=interpreted, Vv=VM code, C=native code)
V  [jvm.dll+0x119535]
V  [jvm.dll+0x332dbd]
C  [jdwp.dll+0x21a09]
C  [jdwp.dll+0x53b3]
C  [jdwp.dll+0x5571]
C  [jdwp.dll+0xf09c]
C  [jdwp.dll+0x1f2c9]
C  [jdwp.dll+0x1f49e]
V  [jvm.dll+0x1aaa18]
V  [jvm.dll+0x22aac4]
V  [jvm.dll+0x283f5a]
C  [msvcr100.dll+0x21d9f]
C  [msvcr100.dll+0x21e3b]
C  [kernel32.dll+0x159cd]
C  [ntdll.dll+0x2a561]


---------------  P R O C E S S  ---------------

Java Threads: ( => current thread )
  0x000000001d98d000 JavaThread "Service Thread" daemon [_thread_blocked, id=7380, stack(0x000000001edf0000,0x000000001eef0000)]
  0x000000001d96f000 JavaThread "C1 CompilerThread2" daemon [_thread_blocked, id=7612, stack(0x000000001eca0000,0x000000001eda0000)]
  0x000000001d96e000 JavaThread "C2 CompilerThread1" daemon [_thread_blocked, id=7448, stack(0x000000001eab0000,0x000000001ebb0000)]
  0x000000001d96c000 JavaThread "C2 CompilerThread0" daemon [_thread_blocked, id=7460, stack(0x000000001e880000,0x000000001e980000)]
  0x000000001d95c800 JavaThread "JDWP Command Reader" daemon [_thread_in_native, id=6540, stack(0x000000001e160000,0x000000001e260000)]
  0x000000001d959000 JavaThread "JDWP Event Helper Thread" daemon [_thread_blocked, id=6616, stack(0x000000001e5f0000,0x000000001e6f0000)]
=>0x000000001c14d000 JavaThread "JDWP Transport Listener: dt_socket" daemon [_thread_in_vm, id=7328, stack(0x000000001e310000,0x000000001e410000)]
  0x000000001c147000 JavaThread "Attach Listener" daemon [_thread_blocked, id=4088, stack(0x000000001d850000,0x000000001d950000)]
  0x000000001c145800 JavaThread "Signal Dispatcher" daemon [_thread_blocked, id=7580, stack(0x000000001d6a0000,0x000000001d7a0000)]
  0x000000001c0dc800 JavaThread "Finalizer" daemon [_thread_blocked, id=5688, stack(0x000000001d3c0000,0x000000001d4c0000)]
  0x000000001c0db000 JavaThread "Reference Handler" daemon [_thread_blocked, id=6584, stack(0x000000001d030000,0x000000001d130000)]
  0x000000000225f800 JavaThread "main" [_thread_blocked, id=7608, stack(0x0000000002580000,0x0000000002680000)]

Other Threads:
  0x000000001c0d7000 VMThread [stack: 0x000000001d210000,0x000000001d310000] [id=5844]
  0x000000001d9eb000 WatcherThread [stack: 0x000000001e710000,0x000000001e810000] [id=4020]

VM state:not at safepoint (normal execution)

VM Mutex/Monitor currently owned by a thread: None

Heap:
 PSYoungGen      total 76288K, used 17040K [0x000000076af00000, 0x0000000770400000, 0x00000007c0000000)
  eden space 65536K, 26% used [0x000000076af00000,0x000000076bfa4020,0x000000076ef00000)
  from space 10752K, 0% used [0x000000076f980000,0x000000076f980000,0x0000000770400000)
  to   space 10752K, 0% used [0x000000076ef00000,0x000000076ef00000,0x000000076f980000)
 ParOldGen       total 175104K, used 0K [0x00000006c0c00000, 0x00000006cb700000, 0x000000076af00000)
  object space 175104K, 0% used [0x00000006c0c00000,0x00000006c0c00000,0x00000006cb700000)
 Metaspace       used 2592K, capacity 4600K, committed 4864K, reserved 1056768K
  class space    used 287K, capacity 424K, committed 512K, reserved 1048576K

Card table byte_map: [0x0000000011d10000,0x0000000012510000] byte_map_base: 0x000000000e70a000

Marking Bits: (ParMarkBitMap*) 0x000000006344b460
 Begin Bits: [0x0000000012fb0000, 0x0000000016f80000)
 End Bits:   [0x0000000016f80000, 0x000000001af50000)

Polling page: 0x0000000000120000

CodeCache: size=245760Kb used=1139Kb max_used=1139Kb free=244620Kb
 bounds [0x0000000002950000, 0x0000000002bc0000, 0x0000000011950000]
 total_blobs=284 nmethods=56 adapters=151
 compilation: enabled

Compilation events (10 events):
Event: 117.012 Thread 0x000000001d96f000   51       3       java.util.LinkedList::poll (19 bytes)
Event: 117.012 Thread 0x000000001d96f000 nmethod 51 0x0000000002a6af90 code [0x0000000002a6b100, 0x0000000002a6b308]
Event: 225.028 Thread 0x000000001d96f000   52       1       jhoel.callCenterService.core.ColaEmpleados::getColaEmpleados (5 bytes)
Event: 225.029 Thread 0x000000001d96f000 nmethod 52 0x0000000002a6b390 code [0x0000000002a6b4e0, 0x0000000002a6b5f0]
Event: 281.030 Thread 0x000000001d96f000   54       3       java.util.ArrayList::iterator (10 bytes)
Event: 281.031 Thread 0x000000001d96f000 nmethod 54 0x0000000002a6b9d0 code [0x0000000002a6bb40, 0x0000000002a6be30]
Event: 281.031 Thread 0x000000001d96f000   55       3       java.util.ArrayList$Itr::<init> (6 bytes)
Event: 281.031 Thread 0x000000001d96f000 nmethod 55 0x0000000002a6bf90 code [0x0000000002a6c100, 0x0000000002a6c350]
Event: 282.033 Thread 0x000000001d96f000   56       3       jhoel.callCenterService.core.Dispatcher::obtenerEmpleadoConMenorCargoDisponible (56 bytes)
Event: 282.033 Thread 0x000000001d96f000 nmethod 56 0x0000000002a6c490 code [0x0000000002a6c660, 0x0000000002a6cdf8]

GC Heap History (0 events):
No events

Deoptimization events (0 events):
No events

Internal exceptions (10 events):
Event: 0.121 Thread 0x000000000225f800 Exception <a 'java/security/PrivilegedActionException'> (0x000000076af5f858) thrown at [D:\re\workspace\8-2-build-windows-amd64-cygwin\jdk8u20\1074\hotspot\src\share\vm\prims\jvm.cpp, line 1275]
Event: 0.126 Thread 0x000000000225f800 Exception <a 'java/security/PrivilegedActionException'> (0x000000076af69048) thrown at [D:\re\workspace\8-2-build-windows-amd64-cygwin\jdk8u20\1074\hotspot\src\share\vm\prims\jvm.cpp, line 1275]
Event: 0.131 Thread 0x000000000225f800 Exception <a 'java/security/PrivilegedActionException'> (0x000000076af6b8a0) thrown at [D:\re\workspace\8-2-build-windows-amd64-cygwin\jdk8u20\1074\hotspot\src\share\vm\prims\jvm.cpp, line 1275]
Event: 0.132 Thread 0x000000000225f800 Exception <a 'java/security/PrivilegedActionException'> (0x000000076af6f270) thrown at [D:\re\workspace\8-2-build-windows-amd64-cygwin\jdk8u20\1074\hotspot\src\share\vm\prims\jvm.cpp, line 1275]
Event: 0.133 Thread 0x000000000225f800 Exception <a 'java/security/PrivilegedActionException'> (0x000000076af71ad0) thrown at [D:\re\workspace\8-2-build-windows-amd64-cygwin\jdk8u20\1074\hotspot\src\share\vm\prims\jvm.cpp, line 1275]
Event: 0.134 Thread 0x000000000225f800 Exception <a 'java/security/PrivilegedActionException'> (0x000000076af73898) thrown at [D:\re\workspace\8-2-build-windows-amd64-cygwin\jdk8u20\1074\hotspot\src\share\vm\prims\jvm.cpp, line 1275]
Event: 0.134 Thread 0x000000000225f800 Exception <a 'java/security/PrivilegedActionException'> (0x000000076af755e8) thrown at [D:\re\workspace\8-2-build-windows-amd64-cygwin\jdk8u20\1074\hotspot\src\share\vm\prims\jvm.cpp, line 1275]
Event: 0.134 Thread 0x000000000225f800 Exception <a 'java/security/PrivilegedActionException'> (0x000000076af77540) thrown at [D:\re\workspace\8-2-build-windows-amd64-cygwin\jdk8u20\1074\hotspot\src\share\vm\prims\jvm.cpp, line 1275]
Event: 0.136 Thread 0x000000000225f800 Exception <a 'java/security/PrivilegedActionException'> (0x000000076af7d190) thrown at [D:\re\workspace\8-2-build-windows-amd64-cygwin\jdk8u20\1074\hotspot\src\share\vm\prims\jvm.cpp, line 1275]
Event: 5.541 Thread 0x000000001da08800 Exception <a 'java/security/PrivilegedActionException'> (0x000000076b2e1888) thrown at [D:\re\workspace\8-2-build-windows-amd64-cygwin\jdk8u20\1074\hotspot\src\share\vm\prims\jvm.cpp, line 1275]

Events (10 events):
Event: 46.709 Executing VM operation: ChangeBreakpoints
Event: 46.709 Executing VM operation: ChangeBreakpoints done
Event: 182.104 Executing VM operation: RedefineClasses
Event: 182.104 Executing VM operation: RedefineClasses done
Event: 253.074 Executing VM operation: RedefineClasses
Event: 253.074 Executing VM operation: RedefineClasses done
Event: 280.608 Executing VM operation: RedefineClasses
Event: 280.608 Executing VM operation: RedefineClasses done
Event: 288.593 Executing VM operation: RedefineClasses
Event: 288.593 Executing VM operation: RedefineClasses done


Dynamic libraries:
0x000000013f560000 - 0x000000013f594000 	C:\Program Files\Java\jre1.8.0_20\bin\javaw.exe
0x0000000077030000 - 0x00000000771da000 	C:\Windows\SYSTEM32\ntdll.dll
0x0000000076e10000 - 0x0000000076f2f000 	C:\Windows\system32\kernel32.dll
0x000007fefcd80000 - 0x000007fefcdea000 	C:\Windows\system32\KERNELBASE.dll
0x000007fefd840000 - 0x000007fefd91b000 	C:\Windows\system32\ADVAPI32.dll
0x000007fefd2b0000 - 0x000007fefd34f000 	C:\Windows\system32\msvcrt.dll
0x000007fefed40000 - 0x000007fefed5f000 	C:\Windows\SYSTEM32\sechost.dll
0x000007fefdc50000 - 0x000007fefdd7d000 	C:\Windows\system32\RPCRT4.dll
0x0000000076f30000 - 0x000000007702a000 	C:\Windows\system32\USER32.dll
0x000007fefd160000 - 0x000007fefd1c7000 	C:\Windows\system32\GDI32.dll
0x000007fefd370000 - 0x000007fefd37e000 	C:\Windows\system32\LPK.dll
0x000007fefd9a0000 - 0x000007fefda6b000 	C:\Windows\system32\USP10.dll
0x000007fefb0d0000 - 0x000007fefb2c4000 	C:\Windows\WinSxS\amd64_microsoft.windows.common-controls_6595b64144ccf1df_6.0.7601.18837_none_fa3b1e3d17594757\COMCTL32.dll
0x000007fefd920000 - 0x000007fefd991000 	C:\Windows\system32\SHLWAPI.dll
0x000007fefd4e0000 - 0x000007fefd50e000 	C:\Windows\system32\IMM32.DLL
0x000007fefd3d0000 - 0x000007fefd4d9000 	C:\Windows\system32\MSCTF.dll
0x0000000066240000 - 0x0000000066312000 	C:\Program Files\Java\jre1.8.0_20\bin\msvcr100.dll
0x0000000062c70000 - 0x00000000634c8000 	C:\Program Files\Java\jre1.8.0_20\bin\server\jvm.dll
0x000007fef2d80000 - 0x000007fef2d89000 	C:\Windows\system32\WSOCK32.dll
0x000007fefd380000 - 0x000007fefd3cd000 	C:\Windows\system32\WS2_32.dll
0x000007feff0d0000 - 0x000007feff0d8000 	C:\Windows\system32\NSI.dll
0x000007fefa750000 - 0x000007fefa78b000 	C:\Windows\system32\WINMM.dll
0x0000000077200000 - 0x0000000077207000 	C:\Windows\system32\PSAPI.DLL
0x000000006d760000 - 0x000000006d76f000 	C:\Program Files\Java\jre1.8.0_20\bin\verify.dll
0x0000000066ae0000 - 0x0000000066b08000 	C:\Program Files\Java\jre1.8.0_20\bin\java.dll
0x00000000773d0000 - 0x0000000077405000 	C:\Program Files\Java\jre1.8.0_20\bin\jdwp.dll
0x00000000739f0000 - 0x00000000739f8000 	C:\Program Files\Java\jre1.8.0_20\bin\npt.dll
0x000000006d740000 - 0x000000006d756000 	C:\Program Files\Java\jre1.8.0_20\bin\zip.dll
0x000007fefdd80000 - 0x000007fefeb0a000 	C:\Windows\system32\SHELL32.dll
0x000007feff140000 - 0x000007feff33c000 	C:\Windows\system32\ole32.dll
0x000007fefcd20000 - 0x000007fefcd2f000 	C:\Windows\system32\profapi.dll
0x00000000663d0000 - 0x00000000663d9000 	C:\Program Files\Java\jre1.8.0_20\bin\dt_socket.dll
0x000007fefa970000 - 0x000007fefa985000 	C:\Windows\system32\NLAapi.dll
0x000007feeec00000 - 0x000007feeec15000 	C:\Windows\system32\napinsp.dll
0x000007feeebe0000 - 0x000007feeebf9000 	C:\Windows\system32\pnrpnsp.dll
0x000007fef2e60000 - 0x000007fef2e8f000 	C:\Program Files\Common Files\Microsoft Shared\Windows Live\WLIDNSP.DLL
0x000000006d1f0000 - 0x000000006d216000 	C:\Program Files\Bonjour\mdnsNSP.dll
0x000007fefa8f0000 - 0x000007fefa917000 	C:\Windows\system32\Iphlpapi.DLL
0x000007fefa8e0000 - 0x000007fefa8eb000 	C:\Windows\system32\WINNSI.DLL
0x000007fefc4b0000 - 0x000007fefc505000 	C:\Windows\System32\mswsock.dll
0x000007fefc330000 - 0x000007fefc38b000 	C:\Windows\system32\DNSAPI.dll
0x000007feeebd0000 - 0x000007feeebdb000 	C:\Windows\System32\winrnr.dll
0x000007feeebc0000 - 0x000007feeebd0000 	C:\Windows\system32\wshbth.dll
0x000007fefa7d0000 - 0x000007fefa823000 	C:\Windows\System32\fwpuclnt.dll
0x000007fef2e50000 - 0x000007fef2e58000 	C:\Windows\system32\rasadhlp.dll
0x000007fefbe80000 - 0x000007fefbe87000 	C:\Windows\System32\wshtcpip.dll
0x000007fef0460000 - 0x000007fef0585000 	C:\Windows\system32\dbghelp.dll

VM Arguments:
jvm_args: -agentlib:jdwp=transport=dt_socket,suspend=y,address=localhost:51405 -Dfile.encoding=UTF-8 
java_command: jhoel.callCenterService.core.Dispatcher
java_class_path (initial): C:\Users\Prueba\Workspaces\Git Storage\Prueba\CallCenter\CallCenterService\target\classes
Launcher Type: SUN_STANDARD

Environment Variables:
PATH=C:\ProgramData\Oracle\Java\javapath;C:\Program Files (x86)\Intel\iCLS Client\;C:\Program Files\Intel\iCLS Client\;C:\Program Files\Common Files\Microsoft Shared\Windows Live;C:\Program Files (x86)\Common Files\Microsoft Shared\Windows Live;C:\Windows\system32;C:\Windows;C:\Windows\System32\Wbem;C:\Windows\System32\WindowsPowerShell\v1.0\;C:\Program Files (x86)\Windows Live\Shared;C:\Program Files\Intel\Intel(R) Management Engine Components\DAL;C:\Program Files\Intel\Intel(R) Management Engine Components\IPT;C:\Program Files (x86)\Intel\Intel(R) Management Engine Components\DAL;C:\Program Files (x86)\Intel\Intel(R) Management Engine Components\IPT;C:\Program Files (x86)\Microsoft SQL Server\100\Tools\Binn\;C:\Program Files\Microsoft SQL Server\100\Tools\Binn\;C:\Program Files\Microsoft SQL Server\100\DTS\Binn\;C:\Program Files (x86)\Microsoft SQL Server\100\Tools\Binn\VSShell\Common7\IDE\;C:\Program Files (x86)\Microsoft SQL Server\100\DTS\Binn\;d:\Program Files\MATLAB\R2013a\runtime\win64;d:\Program Files\MATLAB\R2013a\bin;C:\Program Files (x86)\ATI Technologies\ATI.ACE\Core-Static;C:\Program Files (x86)\AMD\ATI.ACE\Core-Static;C:\Program Files (x86)\Skype\Phone\;C:\Program Files (x86)\Microsoft SQL Server\110\Tools\Binn\ManagementStudio\;C:\Program Files (x86)\Microsoft SQL Server\110\Tools\Binn\;C:\Program Files\Microsoft SQL Server\110\Tools\Binn\;C:\Program Files (x86)\Microsoft SQL Server\110\DTS\Binn\;D:\Program Files\Git\cmd
USERNAME=Prueba
OS=Windows_NT
PROCESSOR_IDENTIFIER=Intel64 Family 6 Model 58 Stepping 9, GenuineIntel



---------------  S Y S T E M  ---------------

OS: Windows 7 , 64 bit Build 7601 Service Pack 1

CPU:total 4 (4 cores per cpu, 2 threads per core) family 6 model 58 stepping 9, cmov, cx8, fxsr, mmx, sse, sse2, sse3, ssse3, sse4.1, sse4.2, popcnt, avx, aes, clmul, erms, ht, tsc, tscinvbit, tscinv

Memory: 4k page, physical 16726504k(9649768k free), swap 33451148k(24656908k free)

vm_info: Java HotSpot(TM) 64-Bit Server VM (25.20-b23) for windows-amd64 JRE (1.8.0_20-b26), built on Jul 30 2014 13:51:23 by "java_re" with MS VC++ 10.0 (VS2010)

time: Mon Feb 19 22:23:37 2018
elapsed time: 416 seconds (0d 0h 6m 56s)

